\BOOKMARK [1][-]{section*.2}{\376\377\000H\000i\000s\000t\000o\000r\000i\000q\000u\000e\000\040\000d\000e\000s\000\040\000d\000i\000f\000f\000\351\000r\000e\000n\000t\000s\000\040\000m\000o\000n\000t\000a\000g\000e\000\040\000d\000e\000\040\000l\000'\000E\000x\000p\000\351\000r\000i\000e\000n\000c\000e}{}% 1
\BOOKMARK [1][-]{section*.3}{\376\377\000P\000r\000o\000g\000r\000a\000m\000m\000e\000\040\0001\000\040\040\023\000\040\000G\000\351\000n\000\351\000r\000a\000t\000e\000u\000r\000\040\000a\000l\000\351\000a\000t\000o\000i\000r\000e}{}% 2
\BOOKMARK [2][-]{section*.4}{\376\377\000g\000e\000n\000e\000r\000a\000t\000e\000u\000r\000\137\000a\000l\000e\000a\000t\000o\000i\000r\000e\000.\000h}{section*.3}% 3
\BOOKMARK [2][-]{section*.5}{\376\377\000g\000e\000n\000e\000r\000a\000t\000e\000u\000r\000\137\000a\000l\000e\000a\000t\000o\000i\000r\000e\000.\000c}{section*.3}% 4
\BOOKMARK [1][-]{section*.6}{\376\377\000P\000r\000o\000g\000r\000a\000m\000m\000e\000\040\0002\000\040\040\023\000\040\000M\000a\000r\000c\000h\000e\000\040\000a\000l\000\351\000a\000t\000o\000i\000r\000e}{}% 5
\BOOKMARK [2][-]{section*.7}{\376\377\000m\000a\000r\000c\000h\000e\000\137\000a\000l\000e\000a\000t\000o\000i\000r\000e\000.\000c}{section*.6}% 6
\BOOKMARK [1][-]{section*.8}{\376\377\000P\000r\000o\000g\000r\000a\000m\000m\000e\000\040\0003\000\040\040\023\000\040\000T\000r\000o\000u\000v\000e\000r\000\040\000l\000e\000s\000\040\000c\000o\000e\000f\000f\000i\000c\000i\000e\000n\000t\000s\000\040\000d\000'\000u\000n\000\040\000g\000\351\000n\000\351\000r\000a\000t\000e\000u\000r\000\040\000c\000o\000n\000g\000r\000u\000e\000n\000t\000i\000e\000l}{}% 7
\BOOKMARK [2][-]{section*.9}{\376\377\000e\000n\000g\000i\000n\000e\000.\000h}{section*.8}% 8
\BOOKMARK [2][-]{section*.10}{\376\377\000m\000a\000i\000n\000.\000c}{section*.8}% 9
\BOOKMARK [2][-]{section*.11}{\376\377\000f\000o\000n\000c\000t\000i\000o\000n\000\137\000g\000e\000n\000e\000r\000i\000q\000u\000e\000.\000c}{section*.8}% 10
\BOOKMARK [2][-]{section*.12}{\376\377\000f\000o\000n\000c\000t\000i\000o\000n\000\137\000g\000e\000n\000e\000r\000a\000t\000i\000o\000n\000\137\000a\000l\000e\000a\000t\000o\000i\000r\000e\000.\000c}{section*.8}% 11
\BOOKMARK [2][-]{section*.13}{\376\377\000g\000e\000s\000t\000i\000o\000n\000\137\000d\000o\000n\000n\000e\000e\000.\000c}{section*.8}% 12
\BOOKMARK [2][-]{section*.14}{\376\377\000a\000l\000g\000o\000\137\000o\000p\000t\000i\000m\000i\000s\000a\000t\000i\000o\000n\000.\000c}{section*.8}% 13
\BOOKMARK [2][-]{section*.15}{\376\377\000m\000u\000l\000t\000i\000c\000o\000e\000u\000r\000.\000c}{section*.8}% 14
\BOOKMARK [2][-]{section*.16}{\376\377\000f\000i\000c\000h\000i\000e\000r\000\137\000t\000e\000s\000t\000.\000c}{section*.8}% 15
\BOOKMARK [1][-]{section*.17}{\376\377\000P\000r\000o\000g\000r\000a\000m\000m\000e\000\040\0004\000\040\040\023\000\040\000T\000e\000s\000t\000\040\000d\000e\000\040\000l\000a\000\040\000d\000i\000s\000t\000a\000n\000c\000e\000\040\000d\000a\000n\000s\000\040\000u\000n\000\040\000c\000a\000r\000r\000\351}{}% 16
\BOOKMARK [2][-]{section*.18}{\376\377\000t\000e\000s\000t\000\137\000d\000e\000n\000s\000i\000t\000e\000.\000c}{section*.17}% 17
\BOOKMARK [1][-]{section*.19}{\376\377\000P\000r\000o\000g\000r\000a\000m\000m\000e\000\040\0005\000\040\040\023\000\040\000A\000n\000a\000l\000y\000s\000e\000\040\000a\000r\000d\000u\000i\000n\000o}{}% 18
\BOOKMARK [2][-]{section*.20}{\376\377\000F\000i\000c\000h\000i\000e\000r\000\040\000p\000o\000u\000r\000\040\000l\000a\000\040\000c\000a\000r\000t\000e\000\040\000a\000r\000d\000u\000i\000n\000o}{section*.19}% 19
\BOOKMARK [2][-]{section*.21}{\376\377\000R\000\351\000c\000u\000p\000e\000r\000a\000t\000i\000o\000n\000\040\000d\000u\000\040\000p\000o\000r\000t\000\040\000s\000\351\000r\000i\000e}{section*.19}% 20
\BOOKMARK [2][-]{section*.22}{\376\377\000A\000n\000a\000l\000y\000s\000e\000\040\000d\000u\000\040\000f\000i\000c\000h\000i\000e\000r\000\040\000r\000e\000n\000v\000o\000y\000e\000r}{section*.19}% 21
